{"date":"2024-05-04T11:41:29.802","level":"ERROR","category":"default","host":"DESKTOP-UFPIDNG","pid":"17500","data":'any-exception.filter.ts(line: 29, column: 12): 
  <<<<<<<<<<<<<<<<<<<<<<<<<<<<<<<<<<<<<<<<<<<<<<<<<<<<<<<<<<<<<<<<
   Request original url: /auth/code
   Method: GET
   IP: ::ffff:127.0.0.1
   Status code: 500
   Response: TypeError: Cannot set properties of undefined (setting 'codeId') 
  <<<<<<<<<<<<<<<<<<<<<<<<<<<<<<<<<<<<<<<<<<<<<<<<<<<<<<<<<<<<<<<<
   '}
{"date":"2024-05-04T11:53:44.905","level":"ERROR","category":"default","host":"DESKTOP-UFPIDNG","pid":"17616","data":'any-exception.filter.ts(line: 29, column: 12): 
  <<<<<<<<<<<<<<<<<<<<<<<<<<<<<<<<<<<<<<<<<<<<<<<<<<<<<<<<<<<<<<<<
   Request original url: /auth/code
   Method: GET
   IP: ::ffff:127.0.0.1
   Status code: 500
   Response: TypeError: Cannot read properties of undefined (reading 'codeId') 
  <<<<<<<<<<<<<<<<<<<<<<<<<<<<<<<<<<<<<<<<<<<<<<<<<<<<<<<<<<<<<<<<
   '}
{"date":"2024-05-04T11:54:13.563","level":"ERROR","category":"default","host":"DESKTOP-UFPIDNG","pid":"2204","data":'any-exception.filter.ts(line: 29, column: 12): 
  <<<<<<<<<<<<<<<<<<<<<<<<<<<<<<<<<<<<<<<<<<<<<<<<<<<<<<<<<<<<<<<<
   Request original url: /auth/code
   Method: GET
   IP: ::ffff:127.0.0.1
   Status code: 500
   Response: TypeError: Cannot read properties of undefined (reading 'codeId') 
  <<<<<<<<<<<<<<<<<<<<<<<<<<<<<<<<<<<<<<<<<<<<<<<<<<<<<<<<<<<<<<<<
   '}
{"date":"2024-05-04T12:43:48.530","level":"ERROR","category":"default","host":"DESKTOP-UFPIDNG","pid":"11088","data":'custom-pipe.pipe.ts(line: 23, column: 14): 
 Validation failed: code is not empty'}
{"date":"2024-05-04T12:49:55.634","level":"ERROR","category":"default","host":"DESKTOP-UFPIDNG","pid":"12532","data":'custom-pipe.pipe.ts(line: 23, column: 14): 
 Validation failed: code is not empty'}
{"date":"2024-05-04T13:00:01.671","level":"ERROR","category":"default","host":"DESKTOP-UFPIDNG","pid":"16924","data":'any-exception.filter.ts(line: 29, column: 12): 
  <<<<<<<<<<<<<<<<<<<<<<<<<<<<<<<<<<<<<<<<<<<<<<<<<<<<<<<<<<<<<<<<
   Request original url: /auth/login
   Method: POST
   IP: ::ffff:127.0.0.1
   Status code: 500
   Response: Error: data and hash arguments required 
  <<<<<<<<<<<<<<<<<<<<<<<<<<<<<<<<<<<<<<<<<<<<<<<<<<<<<<<<<<<<<<<<
   '}
{"date":"2024-05-04T13:02:12.756","level":"ERROR","category":"default","host":"DESKTOP-UFPIDNG","pid":"18488","data":'any-exception.filter.ts(line: 29, column: 12): 
  <<<<<<<<<<<<<<<<<<<<<<<<<<<<<<<<<<<<<<<<<<<<<<<<<<<<<<<<<<<<<<<<
   Request original url: /auth/login
   Method: POST
   IP: ::ffff:127.0.0.1
   Status code: 500
   Response: Error: data and hash arguments required 
  <<<<<<<<<<<<<<<<<<<<<<<<<<<<<<<<<<<<<<<<<<<<<<<<<<<<<<<<<<<<<<<<
   '}
{"date":"2024-05-04T13:03:26.812","level":"ERROR","category":"default","host":"DESKTOP-UFPIDNG","pid":"14884","data":'any-exception.filter.ts(line: 29, column: 12): 
  <<<<<<<<<<<<<<<<<<<<<<<<<<<<<<<<<<<<<<<<<<<<<<<<<<<<<<<<<<<<<<<<
   Request original url: /auth/login
   Method: POST
   IP: ::ffff:127.0.0.1
   Status code: 500
   Response: Error: data and hash arguments required 
  <<<<<<<<<<<<<<<<<<<<<<<<<<<<<<<<<<<<<<<<<<<<<<<<<<<<<<<<<<<<<<<<
   '}
{"date":"2024-05-04T13:04:26.233","level":"ERROR","category":"default","host":"DESKTOP-UFPIDNG","pid":"6168","data":'any-exception.filter.ts(line: 29, column: 12): 
  <<<<<<<<<<<<<<<<<<<<<<<<<<<<<<<<<<<<<<<<<<<<<<<<<<<<<<<<<<<<<<<<
   Request original url: /auth/login
   Method: POST
   IP: ::ffff:127.0.0.1
   Status code: 500
   Response: Error: data and hash arguments required 
  <<<<<<<<<<<<<<<<<<<<<<<<<<<<<<<<<<<<<<<<<<<<<<<<<<<<<<<<<<<<<<<<
   '}
{"date":"2024-05-04T13:04:31.338","level":"ERROR","category":"default","host":"DESKTOP-UFPIDNG","pid":"6168","data":'any-exception.filter.ts(line: 29, column: 12): 
  <<<<<<<<<<<<<<<<<<<<<<<<<<<<<<<<<<<<<<<<<<<<<<<<<<<<<<<<<<<<<<<<
   Request original url: /auth/login
   Method: POST
   IP: ::ffff:127.0.0.1
   Status code: 500
   Response: Error: data and hash arguments required 
  <<<<<<<<<<<<<<<<<<<<<<<<<<<<<<<<<<<<<<<<<<<<<<<<<<<<<<<<<<<<<<<<
   '}
{"date":"2024-05-04T13:09:15.545","level":"ERROR","category":"default","host":"DESKTOP-UFPIDNG","pid":"18020","data":'any-exception.filter.ts(line: 29, column: 12): 
  <<<<<<<<<<<<<<<<<<<<<<<<<<<<<<<<<<<<<<<<<<<<<<<<<<<<<<<<<<<<<<<<
   Request original url: /auth/login
   Method: POST
   IP: ::ffff:127.0.0.1
   Status code: 500
   Response: Error: data and hash arguments required 
  <<<<<<<<<<<<<<<<<<<<<<<<<<<<<<<<<<<<<<<<<<<<<<<<<<<<<<<<<<<<<<<<
   '}
{"date":"2024-05-04T13:10:15.772","level":"ERROR","category":"default","host":"DESKTOP-UFPIDNG","pid":"11340","data":'any-exception.filter.ts(line: 29, column: 12): 
  <<<<<<<<<<<<<<<<<<<<<<<<<<<<<<<<<<<<<<<<<<<<<<<<<<<<<<<<<<<<<<<<
   Request original url: /auth/login
   Method: POST
   IP: ::ffff:127.0.0.1
   Status code: 500
   Response: Error: data and hash arguments required 
  <<<<<<<<<<<<<<<<<<<<<<<<<<<<<<<<<<<<<<<<<<<<<<<<<<<<<<<<<<<<<<<<
   '}
{"date":"2024-05-04T13:10:19.686","level":"ERROR","category":"default","host":"DESKTOP-UFPIDNG","pid":"11340","data":'any-exception.filter.ts(line: 29, column: 12): 
  <<<<<<<<<<<<<<<<<<<<<<<<<<<<<<<<<<<<<<<<<<<<<<<<<<<<<<<<<<<<<<<<
   Request original url: /auth/login
   Method: POST
   IP: ::ffff:127.0.0.1
   Status code: 500
   Response: Error: data and hash arguments required 
  <<<<<<<<<<<<<<<<<<<<<<<<<<<<<<<<<<<<<<<<<<<<<<<<<<<<<<<<<<<<<<<<
   '}
{"date":"2024-05-04T13:11:12.097","level":"ERROR","category":"default","host":"DESKTOP-UFPIDNG","pid":"18336","data":'any-exception.filter.ts(line: 29, column: 12): 
  <<<<<<<<<<<<<<<<<<<<<<<<<<<<<<<<<<<<<<<<<<<<<<<<<<<<<<<<<<<<<<<<
   Request original url: /auth/login
   Method: POST
   IP: ::ffff:127.0.0.1
   Status code: 500
   Response: Error: data and hash arguments required 
  <<<<<<<<<<<<<<<<<<<<<<<<<<<<<<<<<<<<<<<<<<<<<<<<<<<<<<<<<<<<<<<<
   '}
{"date":"2024-05-04T13:11:34.877","level":"ERROR","category":"default","host":"DESKTOP-UFPIDNG","pid":"18336","data":'any-exception.filter.ts(line: 29, column: 12): 
  <<<<<<<<<<<<<<<<<<<<<<<<<<<<<<<<<<<<<<<<<<<<<<<<<<<<<<<<<<<<<<<<
   Request original url: /auth/login
   Method: POST
   IP: ::ffff:127.0.0.1
   Status code: 500
   Response: Error: data and hash arguments required 
  <<<<<<<<<<<<<<<<<<<<<<<<<<<<<<<<<<<<<<<<<<<<<<<<<<<<<<<<<<<<<<<<
   '}
{"date":"2024-05-04T13:12:39.785","level":"ERROR","category":"default","host":"DESKTOP-UFPIDNG","pid":"19712","data":'any-exception.filter.ts(line: 29, column: 12): 
  <<<<<<<<<<<<<<<<<<<<<<<<<<<<<<<<<<<<<<<<<<<<<<<<<<<<<<<<<<<<<<<<
   Request original url: /auth/login
   Method: POST
   IP: ::ffff:127.0.0.1
   Status code: 500
   Response: Error: data and hash arguments required 
  <<<<<<<<<<<<<<<<<<<<<<<<<<<<<<<<<<<<<<<<<<<<<<<<<<<<<<<<<<<<<<<<
   '}
{"date":"2024-05-04T13:17:59.854","level":"ERROR","category":"default","host":"DESKTOP-UFPIDNG","pid":"15992","data":'any-exception.filter.ts(line: 29, column: 12): 
  <<<<<<<<<<<<<<<<<<<<<<<<<<<<<<<<<<<<<<<<<<<<<<<<<<<<<<<<<<<<<<<<
   Request original url: /auth/login
   Method: POST
   IP: ::ffff:127.0.0.1
   Status code: 500
   Response: Error: data and hash arguments required 
  <<<<<<<<<<<<<<<<<<<<<<<<<<<<<<<<<<<<<<<<<<<<<<<<<<<<<<<<<<<<<<<<
   '}
{"date":"2024-05-04T14:23:16.578","level":"ERROR","category":"default","host":"DESKTOP-UFPIDNG","pid":"18552","data":'any-exception.filter.ts(line: 29, column: 12): 
  <<<<<<<<<<<<<<<<<<<<<<<<<<<<<<<<<<<<<<<<<<<<<<<<<<<<<<<<<<<<<<<<
   Request original url: /auth/login
   Method: POST
   IP: ::ffff:127.0.0.1
   Status code: 500
   Response: QueryFailedError: Field 'userId' doesn't have a default value 
  <<<<<<<<<<<<<<<<<<<<<<<<<<<<<<<<<<<<<<<<<<<<<<<<<<<<<<<<<<<<<<<<
   '}
{"date":"2024-05-04T14:25:57.151","level":"ERROR","category":"default","host":"DESKTOP-UFPIDNG","pid":"14876","data":'any-exception.filter.ts(line: 29, column: 12): 
  <<<<<<<<<<<<<<<<<<<<<<<<<<<<<<<<<<<<<<<<<<<<<<<<<<<<<<<<<<<<<<<<
   Request original url: /auth/login
   Method: POST
   IP: ::ffff:127.0.0.1
   Status code: 500
   Response: QueryFailedError: Field 'userId' doesn't have a default value 
  <<<<<<<<<<<<<<<<<<<<<<<<<<<<<<<<<<<<<<<<<<<<<<<<<<<<<<<<<<<<<<<<
   '}
{"date":"2024-05-04T14:29:51.277","level":"ERROR","category":"default","host":"DESKTOP-UFPIDNG","pid":"18812","data":'any-exception.filter.ts(line: 29, column: 12): 
  <<<<<<<<<<<<<<<<<<<<<<<<<<<<<<<<<<<<<<<<<<<<<<<<<<<<<<<<<<<<<<<<
   Request original url: /auth/login
   Method: POST
   IP: ::ffff:127.0.0.1
   Status code: 500
   Response: QueryFailedError: Field 'userId' doesn't have a default value 
  <<<<<<<<<<<<<<<<<<<<<<<<<<<<<<<<<<<<<<<<<<<<<<<<<<<<<<<<<<<<<<<<
   '}
{"date":"2024-05-04T14:45:11.044","level":"ERROR","category":"default","host":"DESKTOP-UFPIDNG","pid":"16792","data":'any-exception.filter.ts(line: 29, column: 12): 
  <<<<<<<<<<<<<<<<<<<<<<<<<<<<<<<<<<<<<<<<<<<<<<<<<<<<<<<<<<<<<<<<
   Request original url: /auth/login
   Method: POST
   IP: ::ffff:127.0.0.1
   Status code: 500
   Response: QueryFailedError: Data too long for column 'token' at row 1 
  <<<<<<<<<<<<<<<<<<<<<<<<<<<<<<<<<<<<<<<<<<<<<<<<<<<<<<<<<<<<<<<<
   '}
{"date":"2024-05-04T14:47:32.244","level":"ERROR","category":"default","host":"DESKTOP-UFPIDNG","pid":"17804","data":'any-exception.filter.ts(line: 29, column: 12): 
  <<<<<<<<<<<<<<<<<<<<<<<<<<<<<<<<<<<<<<<<<<<<<<<<<<<<<<<<<<<<<<<<
   Request original url: /auth/login
   Method: POST
   IP: ::ffff:127.0.0.1
   Status code: 500
   Response: QueryFailedError: Data too long for column 'token' at row 1 
  <<<<<<<<<<<<<<<<<<<<<<<<<<<<<<<<<<<<<<<<<<<<<<<<<<<<<<<<<<<<<<<<
   '}
{"date":"2024-05-04T14:48:20.714","level":"ERROR","category":"default","host":"DESKTOP-UFPIDNG","pid":"8116","data":'any-exception.filter.ts(line: 29, column: 12): 
  <<<<<<<<<<<<<<<<<<<<<<<<<<<<<<<<<<<<<<<<<<<<<<<<<<<<<<<<<<<<<<<<
   Request original url: /auth/login
   Method: POST
   IP: ::ffff:127.0.0.1
   Status code: 500
   Response: QueryFailedError: Data too long for column 'token' at row 1 
  <<<<<<<<<<<<<<<<<<<<<<<<<<<<<<<<<<<<<<<<<<<<<<<<<<<<<<<<<<<<<<<<
   '}
{"date":"2024-05-04T14:48:49.405","level":"ERROR","category":"default","host":"DESKTOP-UFPIDNG","pid":"17196","data":'any-exception.filter.ts(line: 29, column: 12): 
  <<<<<<<<<<<<<<<<<<<<<<<<<<<<<<<<<<<<<<<<<<<<<<<<<<<<<<<<<<<<<<<<
   Request original url: /auth/login
   Method: POST
   IP: ::ffff:127.0.0.1
   Status code: 500
   Response: QueryFailedError: Field 'refreshToken' doesn't have a default value 
  <<<<<<<<<<<<<<<<<<<<<<<<<<<<<<<<<<<<<<<<<<<<<<<<<<<<<<<<<<<<<<<<
   '}
{"date":"2024-05-04T14:50:06.507","level":"ERROR","category":"default","host":"DESKTOP-UFPIDNG","pid":"12532","data":'any-exception.filter.ts(line: 29, column: 12): 
  <<<<<<<<<<<<<<<<<<<<<<<<<<<<<<<<<<<<<<<<<<<<<<<<<<<<<<<<<<<<<<<<
   Request original url: /auth/login
   Method: POST
   IP: ::ffff:127.0.0.1
   Status code: 500
   Response: QueryFailedError: Field 'refreshToken' doesn't have a default value 
  <<<<<<<<<<<<<<<<<<<<<<<<<<<<<<<<<<<<<<<<<<<<<<<<<<<<<<<<<<<<<<<<
   '}
{"date":"2024-05-04T14:50:08.554","level":"ERROR","category":"default","host":"DESKTOP-UFPIDNG","pid":"12532","data":'any-exception.filter.ts(line: 29, column: 12): 
  <<<<<<<<<<<<<<<<<<<<<<<<<<<<<<<<<<<<<<<<<<<<<<<<<<<<<<<<<<<<<<<<
   Request original url: /auth/login
   Method: POST
   IP: ::ffff:127.0.0.1
   Status code: 500
   Response: QueryFailedError: Field 'refreshToken' doesn't have a default value 
  <<<<<<<<<<<<<<<<<<<<<<<<<<<<<<<<<<<<<<<<<<<<<<<<<<<<<<<<<<<<<<<<
   '}
{"date":"2024-05-04T15:53:49.249","level":"ERROR","category":"default","host":"DESKTOP-UFPIDNG","pid":"18152","data":'any-exception.filter.ts(line: 29, column: 12): 
  <<<<<<<<<<<<<<<<<<<<<<<<<<<<<<<<<<<<<<<<<<<<<<<<<<<<<<<<<<<<<<<<
   Request original url: /auth/login
   Method: POST
   IP: ::ffff:127.0.0.1
   Status code: 500
   Response: TypeError: Cannot read properties of null (reading 'nickname') 
  <<<<<<<<<<<<<<<<<<<<<<<<<<<<<<<<<<<<<<<<<<<<<<<<<<<<<<<<<<<<<<<<
   '}
{"date":"2024-05-04T15:54:21.427","level":"ERROR","category":"default","host":"DESKTOP-UFPIDNG","pid":"7200","data":'any-exception.filter.ts(line: 29, column: 12): 
  <<<<<<<<<<<<<<<<<<<<<<<<<<<<<<<<<<<<<<<<<<<<<<<<<<<<<<<<<<<<<<<<
   Request original url: /auth/login
   Method: POST
   IP: ::ffff:127.0.0.1
   Status code: 500
   Response: TypeError: Cannot read properties of null (reading 'nickname') 
  <<<<<<<<<<<<<<<<<<<<<<<<<<<<<<<<<<<<<<<<<<<<<<<<<<<<<<<<<<<<<<<<
   '}
