{"date":"2024-04-29T16:02:58.261","level":"ERROR","category":"default","host":"DESKTOP-E710MNH","pid":"14408","data":'custom-pipe.pipe.ts(line: 23, column: 14): 
 Validation failed: username must be an array'}
{"date":"2024-04-29T16:16:40.819","level":"ERROR","category":"default","host":"DESKTOP-E710MNH","pid":"10700","data":'custom-pipe.pipe.ts(line: 23, column: 14): 
 Validation failed: email must be a string'}
{"date":"2024-04-29T16:16:51.784","level":"ERROR","category":"default","host":"DESKTOP-E710MNH","pid":"10700","data":'custom-pipe.pipe.ts(line: 23, column: 14): 
 Validation failed: email must be a string'}
{"date":"2024-04-29T16:18:24.526","level":"ERROR","category":"default","host":"DESKTOP-E710MNH","pid":"15868","data":'custom-pipe.pipe.ts(line: 23, column: 14): 
 Validation failed: email must be a string'}
{"date":"2024-04-29T16:18:52.013","level":"ERROR","category":"default","host":"DESKTOP-E710MNH","pid":"15868","data":'custom-pipe.pipe.ts(line: 23, column: 14): 
 Validation failed: email must be a string'}
{"date":"2024-04-29T16:18:55.494","level":"ERROR","category":"default","host":"DESKTOP-E710MNH","pid":"15868","data":'custom-pipe.pipe.ts(line: 23, column: 14): 
 Validation failed: email must be a string'}
{"date":"2024-04-29T16:18:59.092","level":"ERROR","category":"default","host":"DESKTOP-E710MNH","pid":"15868","data":'custom-pipe.pipe.ts(line: 23, column: 14): 
 Validation failed: email must be a string'}
{"date":"2024-04-29T16:19:05.454","level":"ERROR","category":"default","host":"DESKTOP-E710MNH","pid":"15868","data":'custom-pipe.pipe.ts(line: 23, column: 14): 
 Validation failed: email must be a string'}
{"date":"2024-04-29T16:19:21.321","level":"ERROR","category":"default","host":"DESKTOP-E710MNH","pid":"15868","data":'custom-pipe.pipe.ts(line: 23, column: 14): 
 Validation failed: email must be a string'}
{"date":"2024-04-29T16:19:34.765","level":"ERROR","category":"default","host":"DESKTOP-E710MNH","pid":"19012","data":'custom-pipe.pipe.ts(line: 23, column: 14): 
 Validation failed: email must be a string'}
{"date":"2024-04-29T16:19:43.347","level":"ERROR","category":"default","host":"DESKTOP-E710MNH","pid":"19012","data":'custom-pipe.pipe.ts(line: 23, column: 14): 
 Validation failed: email must be a string'}
{"date":"2024-04-29T16:20:02.343","level":"ERROR","category":"default","host":"DESKTOP-E710MNH","pid":"19012","data":'custom-pipe.pipe.ts(line: 23, column: 14): 
 Validation failed: email must be a string'}
{"date":"2024-04-29T16:20:05.900","level":"ERROR","category":"default","host":"DESKTOP-E710MNH","pid":"19012","data":'custom-pipe.pipe.ts(line: 23, column: 14): 
 Validation failed: email must be a string'}
{"date":"2024-04-29T16:20:30.414","level":"ERROR","category":"default","host":"DESKTOP-E710MNH","pid":"23820","data":'custom-pipe.pipe.ts(line: 23, column: 14): 
 Validation failed: email must be a string'}
{"date":"2024-04-29T16:20:34.346","level":"ERROR","category":"default","host":"DESKTOP-E710MNH","pid":"23820","data":'custom-pipe.pipe.ts(line: 23, column: 14): 
 Validation failed: email must be a string'}
{"date":"2024-04-29T16:20:42.114","level":"ERROR","category":"default","host":"DESKTOP-E710MNH","pid":"23820","data":'custom-pipe.pipe.ts(line: 23, column: 14): 
 Validation failed: email must be a string'}
{"date":"2024-04-29T16:21:01.323","level":"ERROR","category":"default","host":"DESKTOP-E710MNH","pid":"24568","data":'custom-pipe.pipe.ts(line: 23, column: 14): 
 Validation failed: email must be a string'}
{"date":"2024-04-29T16:21:25.780","level":"ERROR","category":"default","host":"DESKTOP-E710MNH","pid":"9692","data":'custom-pipe.pipe.ts(line: 23, column: 14): 
 Validation failed: email must be a string'}
{"date":"2024-04-29T16:21:29.636","level":"ERROR","category":"default","host":"DESKTOP-E710MNH","pid":"9692","data":'custom-pipe.pipe.ts(line: 23, column: 14): 
 Validation failed: email must be a string'}
{"date":"2024-04-29T16:21:31.816","level":"ERROR","category":"default","host":"DESKTOP-E710MNH","pid":"9692","data":'custom-pipe.pipe.ts(line: 23, column: 14): 
 Validation failed: email must be a string'}
{"date":"2024-04-29T16:22:29.414","level":"ERROR","category":"default","host":"DESKTOP-E710MNH","pid":"18868","data":'custom-pipe.pipe.ts(line: 23, column: 14): 
 Validation failed: email should not be empty'}
{"date":"2024-04-29T16:22:38.500","level":"ERROR","category":"default","host":"DESKTOP-E710MNH","pid":"18868","data":'custom-pipe.pipe.ts(line: 23, column: 14): 
 Validation failed: email should not be empty'}
{"date":"2024-04-29T16:23:10.434","level":"ERROR","category":"default","host":"DESKTOP-E710MNH","pid":"24376","data":'custom-pipe.pipe.ts(line: 23, column: 14): 
 Validation failed: email is not empty'}
{"date":"2024-04-29T16:23:15.535","level":"ERROR","category":"default","host":"DESKTOP-E710MNH","pid":"24376","data":'custom-pipe.pipe.ts(line: 23, column: 14): 
 Validation failed: email is not empty'}
{"date":"2024-04-29T16:23:25.899","level":"ERROR","category":"default","host":"DESKTOP-E710MNH","pid":"24376","data":'custom-pipe.pipe.ts(line: 23, column: 14): 
 Validation failed: email is not empty'}
{"date":"2024-04-29T16:25:22.172","level":"ERROR","category":"default","host":"DESKTOP-E710MNH","pid":"24376","data":'custom-pipe.pipe.ts(line: 23, column: 14): 
 Validation failed: email is not empty'}
{"date":"2024-04-29T16:26:59.855","level":"ERROR","category":"default","host":"DESKTOP-E710MNH","pid":"2040","data":'custom-pipe.pipe.ts(line: 23, column: 14): 
 Validation failed: email is not empty'}
{"date":"2024-04-29T16:29:11.995","level":"ERROR","category":"default","host":"DESKTOP-E710MNH","pid":"2040","data":'custom-pipe.pipe.ts(line: 23, column: 14): 
 Validation failed: email is not empty'}
{"date":"2024-04-29T16:55:45.169","level":"ERROR","category":"default","host":"DESKTOP-E710MNH","pid":"23148","data":'any-exception.filter.ts(line: 29, column: 12): 
  <<<<<<<<<<<<<<<<<<<<<<<<<<<<<<<<<<<<<<<<<<<<<<<<<<<<<<<<<<<<<<<<
   Request original url: /user/register
   Method: POST
   IP: ::ffff:127.0.0.1
   Status code: 500
   Response: TypeError: Class constructor MulterModule cannot be invoked without 'new' 
  <<<<<<<<<<<<<<<<<<<<<<<<<<<<<<<<<<<<<<<<<<<<<<<<<<<<<<<<<<<<<<<<
   '}
{"date":"2024-04-29T17:01:10.027","level":"ERROR","category":"default","host":"DESKTOP-E710MNH","pid":"10904","data":'custom-pipe.pipe.ts(line: 23, column: 14): 
 Validation failed: email is not empty'}
{"date":"2024-04-29T17:01:38.149","level":"ERROR","category":"default","host":"DESKTOP-E710MNH","pid":"10452","data":'custom-pipe.pipe.ts(line: 23, column: 14): 
 Validation failed: email is not empty'}
{"date":"2024-04-29T17:02:59.595","level":"ERROR","category":"default","host":"DESKTOP-E710MNH","pid":"24036","data":'custom-pipe.pipe.ts(line: 23, column: 14): 
 Validation failed: email is not empty'}
{"date":"2024-04-29T17:03:23.099","level":"ERROR","category":"default","host":"DESKTOP-E710MNH","pid":"14652","data":'custom-pipe.pipe.ts(line: 23, column: 14): 
 Validation failed: email is not empty'}
{"date":"2024-04-29T17:04:06.018","level":"ERROR","category":"default","host":"DESKTOP-E710MNH","pid":"18364","data":'custom-pipe.pipe.ts(line: 23, column: 14): 
 Validation failed: email is not empty'}
{"date":"2024-04-29T17:35:10.240","level":"ERROR","category":"default","host":"DESKTOP-E710MNH","pid":"20216","data":'custom-pipe.pipe.ts(line: 23, column: 14): 
 Validation failed: email is not empty'}
{"date":"2024-04-29T17:36:15.988","level":"ERROR","category":"default","host":"DESKTOP-E710MNH","pid":"20712","data":'custom-pipe.pipe.ts(line: 23, column: 14): 
 Validation failed: email is not empty'}
{"date":"2024-04-29T17:56:46.798","level":"ERROR","category":"default","host":"DESKTOP-E710MNH","pid":"13364","data":'custom-pipe.pipe.ts(line: 23, column: 14): 
 Validation failed: email is not empty'}
{"date":"2024-04-29T17:56:57.370","level":"ERROR","category":"default","host":"DESKTOP-E710MNH","pid":"13364","data":'custom-pipe.pipe.ts(line: 23, column: 14): 
 Validation failed: email is not empty'}
{"date":"2024-04-29T17:59:09.226","level":"ERROR","category":"default","host":"DESKTOP-E710MNH","pid":"13364","data":'custom-pipe.pipe.ts(line: 23, column: 14): 
 Validation failed: email is not empty'}
{"date":"2024-04-29T17:59:53.662","level":"ERROR","category":"default","host":"DESKTOP-E710MNH","pid":"19516","data":'custom-pipe.pipe.ts(line: 23, column: 14): 
 Validation failed: email is not empty'}
